<?xml version="1.0" encoding="UTF-8"?>
<testsuite xmlns:xsi="http://www.w3.org/2001/XMLSchema-instance" xsi:noNamespaceSchemaLocation="https://maven.apache.org/surefire/maven-surefire-plugin/xsd/surefire-test-report-3.0.xsd" version="3.0" name="edu.brown.cs.student.scheduler.SchedulerTest" time="0.447" tests="5" errors="0" skipped="0" failures="0">
  <properties>
[...]
</properties>
  <testcase name="testEmptySchedule" classname="edu.brown.cs.student.scheduler.SchedulerTest" time="0.016"/>
  <testcase name="testOneTask" classname="edu.brown.cs.student.scheduler.SchedulerTest" time="0.359"/>
  <testcase name="testOneCommitment" classname="edu.brown.cs.student.scheduler.SchedulerTest" time="0.001"/>
  <testcase name="testTwoTimeBins" classname="edu.brown.cs.student.scheduler.SchedulerTest" time="0.001"/>
  <testcase name="twoTasks" classname="edu.brown.cs.student.scheduler.SchedulerTest" time="0"/>
</testsuite>