<?xml version="1.0" encoding="UTF-8"?>
<testsuite xmlns:xsi="http://www.w3.org/2001/XMLSchema-instance" xsi:noNamespaceSchemaLocation="https://maven.apache.org/surefire/maven-surefire-plugin/xsd/surefire-test-report-3.0.xsd" version="3.0" name="edu.brown.cs.student.scheduler.SchedulerTest" time="0.519" tests="3" errors="1" skipped="0" failures="0">
  <properties>
[...]
</properties>
  <testcase name="testEmptySchedule" classname="edu.brown.cs.student.scheduler.SchedulerTest" time="0.052"/>
  <testcase name="testOneTask" classname="edu.brown.cs.student.scheduler.SchedulerTest" time="0.189">
    <error message="/ by zero" type="java.lang.ArithmeticException"><![CDATA[java.lang.ArithmeticException: / by zero
	at edu.brown.cs.student.scheduler.SchedulerTest.testOneTask(SchedulerTest.java:34)
]]></error>
  </testcase>
  <testcase name="testOneCommitment" classname="edu.brown.cs.student.scheduler.SchedulerTest" time="0"/>
</testsuite>